<?xml version="1.0" encoding="UTF-8"?>
<!-- Generated by org.testng.reporters.JUnitXMLReporter -->
<testsuite ignored="0" hostname="Sneha" failures="0" tests="7" name="Test" time="219.599" errors="0" timestamp="2022-05-29T17:51:36 IST">
  <testcase classname="com.SauceDemo.TestClassesPACK2.TC01LoginFunctionality" name="LoginFunctionalityTest" time="8.284"/>
  <testcase classname="com.SauceDemo.TestClassesPACK2.TC02LogoutFunctionality" name="LogOutFunctionality" time="6.945"/>
  <testcase classname="com.SauceDemo.TestClassesPACK2.TC03verifySingleBagProduct" name="SingleBagProduct" time="3.828"/>
  <testcase classname="com.SauceDemo.TestClassesPACK2.TC04MultipleProductAddToCart" name="MultipleProductAddToCart" time="0.973"/>
  <testcase classname="com.SauceDemo.TestClassesPACK2.TC05verifyAboutButton" name="aboutButton" time="107.734"/>
  <testcase classname="com.SauceDemo.TestClassesPACK2.TC06verifyAbleProCheckout" name="AbleProCheckout" time="11.732"/>
  <testcase classname="com.SauceDemo.TestClassesPACK2.TC07verifyAbleToSeeCusInformation" name="SeeCusInformation" time="23.877"/>
</testsuite> <!-- Test -->
